android/app/build/intermediates/manifest_merge_blame_file/debug/manifest-merger-blame-debug-report.txt
1<?xml version="1.0" encoding="utf-8"?>
2<manifest xmlns:android="http://schemas.android.com/apk/res/android"
3    package="com.edocket.driver"
4    android:versionCode="1"
5    android:versionName="1.0" >
6
7    <uses-sdk
8        android:minSdkVersion="21"
9        android:targetSdkVersion="30" />
10
11    <uses-permission android:name="android.permission.SYSTEM_ALERT_WINDOW" />
11-->src/main/AndroidManifest.xml:9:5-78
11-->src/main/AndroidManifest.xml:9:22-75
12    <uses-permission android:name="android.permission.INTERNET" />
12-->src/main/AndroidManifest.xml:4:5-67
12-->src/main/AndroidManifest.xml:4:22-64
13    <uses-permission android:name="android.permission.VIBRATE" />
13-->src/main/AndroidManifest.xml:5:5-65
13-->src/main/AndroidManifest.xml:5:22-63
14    <uses-permission android:name="android.permission.CAMERA" />
14-->src/main/AndroidManifest.xml:6:5-65
14-->src/main/AndroidManifest.xml:6:22-62
15    <uses-permission android:name="android.permission.READ_EXTERNAL_STORAGE" />
15-->src/main/AndroidManifest.xml:7:5-80
15-->src/main/AndroidManifest.xml:7:22-77
16    <uses-permission android:name="android.permission.WRITE_EXTERNAL_STORAGE" />
16-->src/main/AndroidManifest.xml:8:5-81
16-->src/main/AndroidManifest.xml:8:22-78
17    <uses-permission android:name="android.permission.ACCESS_WIFI_STATE" />
17-->[com.facebook.flipper:flipper:0.93.0] AndroidManifest.xml:16:5-76
17-->[com.facebook.flipper:flipper:0.93.0] AndroidManifest.xml:16:22-73
18    <uses-permission android:name="android.permission.ACCESS_NETWORK_STATE" />
18-->[:react-native-community_netinfo] AndroidManifest.xml:9:5-79
18-->[:react-native-community_netinfo] AndroidManifest.xml:9:22-76
19
20    <uses-feature
20-->[:react-native-camera] AndroidManifest.xml:11:5-13:36
21        android:name="android.hardware.camera"
21-->[:react-native-camera] AndroidManifest.xml:12:9-47
22        android:required="false" />
22-->[:react-native-camera] AndroidManifest.xml:13:9-33
23    <uses-feature
23-->[:react-native-camera] AndroidManifest.xml:14:5-16:36
24        android:name="android.hardware.camera.autofocus"
24-->[:react-native-camera] AndroidManifest.xml:15:9-57
25        android:required="false" />
25-->[:react-native-camera] AndroidManifest.xml:16:9-33
26
27    <uses-permission android:name="android.permission.WAKE_LOCK" /> <!-- Required by older versions of Google Play services to create IID tokens -->
27-->[:react-native-firebase] AndroidManifest.xml:12:5-68
27-->[:react-native-firebase] AndroidManifest.xml:12:22-65
28    <uses-permission android:name="com.google.android.c2dm.permission.RECEIVE" /> <!-- for android -->
28-->[com.google.firebase:firebase-messaging:22.0.0] AndroidManifest.xml:25:5-82
28-->[com.google.firebase:firebase-messaging:22.0.0] AndroidManifest.xml:25:22-79
29    <!-- <uses-permission android:name="com.android.launcher.permission.READ_SETTINGS"/> -->
30    <!-- <uses-permission android:name="com.android.launcher.permission.WRITE_SETTINGS"/> -->
31    <!-- <uses-permission android:name="com.android.launcher.permission.INSTALL_SHORTCUT" /> -->
32    <!-- <uses-permission android:name="com.android.launcher.permission.UNINSTALL_SHORTCUT" /> -->
33    <!-- for Samsung -->
34    <uses-permission android:name="com.sec.android.provider.badge.permission.READ" />
34-->[me.leolin:ShortcutBadger:1.1.21] AndroidManifest.xml:19:5-86
34-->[me.leolin:ShortcutBadger:1.1.21] AndroidManifest.xml:19:22-83
35    <uses-permission android:name="com.sec.android.provider.badge.permission.WRITE" /> <!-- for htc -->
35-->[me.leolin:ShortcutBadger:1.1.21] AndroidManifest.xml:20:5-87
35-->[me.leolin:ShortcutBadger:1.1.21] AndroidManifest.xml:20:22-84
36    <uses-permission android:name="com.htc.launcher.permission.READ_SETTINGS" />
36-->[me.leolin:ShortcutBadger:1.1.21] AndroidManifest.xml:23:5-81
36-->[me.leolin:ShortcutBadger:1.1.21] AndroidManifest.xml:23:22-78
37    <uses-permission android:name="com.htc.launcher.permission.UPDATE_SHORTCUT" /> <!-- for sony -->
37-->[me.leolin:ShortcutBadger:1.1.21] AndroidManifest.xml:24:5-83
37-->[me.leolin:ShortcutBadger:1.1.21] AndroidManifest.xml:24:22-80
38    <uses-permission android:name="com.sonyericsson.home.permission.BROADCAST_BADGE" />
38-->[me.leolin:ShortcutBadger:1.1.21] AndroidManifest.xml:27:5-88
38-->[me.leolin:ShortcutBadger:1.1.21] AndroidManifest.xml:27:22-85
39    <uses-permission android:name="com.sonymobile.home.permission.PROVIDER_INSERT_BADGE" /> <!-- for apex -->
39-->[me.leolin:ShortcutBadger:1.1.21] AndroidManifest.xml:28:5-92
39-->[me.leolin:ShortcutBadger:1.1.21] AndroidManifest.xml:28:22-89
40    <uses-permission android:name="com.anddoes.launcher.permission.UPDATE_COUNT" /> <!-- for solid -->
40-->[me.leolin:ShortcutBadger:1.1.21] AndroidManifest.xml:31:5-84
40-->[me.leolin:ShortcutBadger:1.1.21] AndroidManifest.xml:31:22-81
41    <uses-permission android:name="com.majeur.launcher.permission.UPDATE_BADGE" /> <!-- for huawei -->
41-->[me.leolin:ShortcutBadger:1.1.21] AndroidManifest.xml:34:5-83
41-->[me.leolin:ShortcutBadger:1.1.21] AndroidManifest.xml:34:22-80
42    <uses-permission android:name="com.huawei.android.launcher.permission.CHANGE_BADGE" />
42-->[me.leolin:ShortcutBadger:1.1.21] AndroidManifest.xml:37:5-91
42-->[me.leolin:ShortcutBadger:1.1.21] AndroidManifest.xml:37:22-88
43    <uses-permission android:name="com.huawei.android.launcher.permission.READ_SETTINGS" />
43-->[me.leolin:ShortcutBadger:1.1.21] AndroidManifest.xml:38:5-92
43-->[me.leolin:ShortcutBadger:1.1.21] AndroidManifest.xml:38:22-89
44    <uses-permission android:name="com.huawei.android.launcher.permission.WRITE_SETTINGS" /> <!-- for ZUK -->
44-->[me.leolin:ShortcutBadger:1.1.21] AndroidManifest.xml:39:5-93
44-->[me.leolin:ShortcutBadger:1.1.21] AndroidManifest.xml:39:22-90
45    <uses-permission android:name="android.permission.READ_APP_BADGE" /> <!-- for OPPO -->
45-->[me.leolin:ShortcutBadger:1.1.21] AndroidManifest.xml:42:5-73
45-->[me.leolin:ShortcutBadger:1.1.21] AndroidManifest.xml:42:22-70
46    <uses-permission android:name="com.oppo.launcher.permission.READ_SETTINGS" />
46-->[me.leolin:ShortcutBadger:1.1.21] AndroidManifest.xml:45:5-82
46-->[me.leolin:ShortcutBadger:1.1.21] AndroidManifest.xml:45:22-79
47    <uses-permission android:name="com.oppo.launcher.permission.WRITE_SETTINGS" /> <!-- for EvMe -->
47-->[me.leolin:ShortcutBadger:1.1.21] AndroidManifest.xml:46:5-83
47-->[me.leolin:ShortcutBadger:1.1.21] AndroidManifest.xml:46:22-80
48    <uses-permission android:name="me.everything.badger.permission.BADGE_COUNT_READ" />
48-->[me.leolin:ShortcutBadger:1.1.21] AndroidManifest.xml:49:5-88
48-->[me.leolin:ShortcutBadger:1.1.21] AndroidManifest.xml:49:22-85
49    <uses-permission android:name="me.everything.badger.permission.BADGE_COUNT_WRITE" />
49-->[me.leolin:ShortcutBadger:1.1.21] AndroidManifest.xml:50:5-89
49-->[me.leolin:ShortcutBadger:1.1.21] AndroidManifest.xml:50:22-86
50    <uses-permission android:name="com.google.android.finsky.permission.BIND_GET_INSTALL_REFERRER_SERVICE" />
50-->[com.google.android.gms:play-services-measurement:19.0.1] AndroidManifest.xml:26:5-110
50-->[com.google.android.gms:play-services-measurement:19.0.1] AndroidManifest.xml:26:22-107
51
52    <application
52-->src/main/AndroidManifest.xml:11:5-56:19
53        android:name="com.edocket.driver.MainApplication"
53-->src/main/AndroidManifest.xml:12:7-38
54        android:allowBackup="false"
54-->src/main/AndroidManifest.xml:16:7-34
55        android:appComponentFactory="androidx.core.app.CoreComponentFactory"
55-->[androidx.core:core:1.6.0] AndroidManifest.xml:24:18-86
56        android:debuggable="true"
57        android:icon="@mipmap/ic_launcher"
57-->src/main/AndroidManifest.xml:14:7-41
58        android:label="@string/app_name"
58-->src/main/AndroidManifest.xml:13:7-39
59        android:roundIcon="@mipmap/ic_launcher_round"
59-->src/main/AndroidManifest.xml:15:7-52
60        android:theme="@style/AppTheme"
60-->src/main/AndroidManifest.xml:17:7-38
61        android:usesCleartextTraffic="true" >
61-->src/debug/AndroidManifest.xml:8:9-44
62        <activity android:name="com.facebook.react.devsupport.DevSettingsActivity" />
62-->src/debug/AndroidManifest.xml:11:9-86
62-->src/debug/AndroidManifest.xml:11:19-83
63        <activity
63-->src/main/AndroidManifest.xml:18:7-30:18
64            android:name="com.edocket.driver.MainActivity"
64-->src/main/AndroidManifest.xml:19:9-37
65            android:configChanges="keyboard|keyboardHidden|orientation|screenSize|uiMode"
65-->src/main/AndroidManifest.xml:21:9-86
66            android:label="@string/app_name"
66-->src/main/AndroidManifest.xml:20:9-41
67            android:launchMode="singleTask"
67-->src/main/AndroidManifest.xml:22:9-40
68            android:screenOrientation="portrait"
68-->src/main/AndroidManifest.xml:24:9-45
69            android:windowSoftInputMode="adjustResize" >
69-->src/main/AndroidManifest.xml:23:9-51
70            <intent-filter>
70-->src/main/AndroidManifest.xml:25:9-29:25
71                <action android:name="android.intent.action.MAIN" />
71-->src/main/AndroidManifest.xml:26:13-65
71-->src/main/AndroidManifest.xml:26:21-62
72
73                <category android:name="android.intent.category.LAUNCHER" />
73-->src/main/AndroidManifest.xml:27:13-73
73-->src/main/AndroidManifest.xml:27:23-70
74
75                <action android:name="android.intent.action.DOWNLOAD_COMPLETE" />
75-->src/main/AndroidManifest.xml:28:13-77
75-->src/main/AndroidManifest.xml:28:21-75
76            </intent-filter>
77        </activity>
78
79        <meta-data
79-->src/main/AndroidManifest.xml:31:9-33:44
80            android:name="com.google.firebase.messaging.default_notification_channel_id"
80-->src/main/AndroidManifest.xml:32:13-89
81            android:value="EdocketDriver" />
81-->src/main/AndroidManifest.xml:33:13-42
82        <meta-data
82-->src/main/AndroidManifest.xml:35:9-37:54
83            android:name="com.google.firebase.messaging.default_notification_icon"
83-->src/main/AndroidManifest.xml:36:13-83
84            android:resource="@mipmap/ic_launcher" />
84-->src/main/AndroidManifest.xml:37:13-51
85
86        <service android:name="io.invertase.firebase.messaging.RNFirebaseMessagingService" >
86-->src/main/AndroidManifest.xml:39:9-43:19
86-->src/main/AndroidManifest.xml:39:18-91
87            <intent-filter>
87-->src/main/AndroidManifest.xml:40:13-42:29
88                <action android:name="com.google.firebase.MESSAGING_EVENT" />
88-->src/main/AndroidManifest.xml:41:17-78
88-->src/main/AndroidManifest.xml:41:25-75
89            </intent-filter>
90        </service>
91        <service android:name="io.invertase.firebase.messaging.RNFirebaseInstanceIdService" >
91-->src/main/AndroidManifest.xml:44:9-48:19
91-->src/main/AndroidManifest.xml:44:18-92
92            <intent-filter>
92-->src/main/AndroidManifest.xml:45:13-47:29
93                <action android:name="com.google.firebase.INSTANCE_ID_EVENT" />
93-->src/main/AndroidManifest.xml:46:17-79
93-->src/main/AndroidManifest.xml:46:25-77
94            </intent-filter>
95        </service>
96        <service android:name="io.invertase.firebase.messaging.RNFirebaseBackgroundMessagingService" />
96-->src/main/AndroidManifest.xml:49:9-103
96-->src/main/AndroidManifest.xml:49:18-101
97
98        <receiver
98-->src/main/AndroidManifest.xml:50:9-54:20
99            android:name="io.invertase.firebase.notifications.RNFirebaseBackgroundNotificationActionReceiver"
99-->src/main/AndroidManifest.xml:50:19-116
100            android:exported="true" >
100-->src/main/AndroidManifest.xml:50:117-140
101            <intent-filter>
101-->src/main/AndroidManifest.xml:51:13-53:29
102                <action android:name="io.invertase.firebase.notifications.BackgroundAction" />
102-->src/main/AndroidManifest.xml:52:17-94
102-->src/main/AndroidManifest.xml:52:25-92
103            </intent-filter>
104        </receiver>
105
106        <service android:name="io.invertase.firebase.notifications.RNFirebaseBackgroundNotificationActionsService" />
106-->src/main/AndroidManifest.xml:55:9-117
106-->src/main/AndroidManifest.xml:55:18-115
107        <service
107-->[:react-native-firebase] AndroidManifest.xml:16:9-20:19
108            android:name="com.google.firebase.components.ComponentDiscoveryService"
108-->[:react-native-firebase] AndroidManifest.xml:16:18-89
109            android:directBootAware="true"
109-->[com.google.firebase:firebase-common:20.0.0] AndroidManifest.xml:35:13-43
110            android:exported="false" >
110-->[com.google.firebase:firebase-messaging:22.0.0] AndroidManifest.xml:51:13-37
111            <meta-data
111-->[:react-native-firebase] AndroidManifest.xml:17:13-19:85
112                android:name="com.google.firebase.components:io.invertase.firebase.ReactNativeFirebaseAppRegistrar"
112-->[:react-native-firebase] AndroidManifest.xml:18:17-116
113                android:value="com.google.firebase.components.ComponentRegistrar" />
113-->[:react-native-firebase] AndroidManifest.xml:19:17-82
114            <meta-data
114-->[com.google.firebase:firebase-messaging:22.0.0] AndroidManifest.xml:52:13-54:85
115                android:name="com.google.firebase.components:com.google.firebase.messaging.FirebaseMessagingRegistrar"
115-->[com.google.firebase:firebase-messaging:22.0.0] AndroidManifest.xml:53:17-119
116                android:value="com.google.firebase.components.ComponentRegistrar" />
116-->[com.google.firebase:firebase-messaging:22.0.0] AndroidManifest.xml:54:17-82
117            <meta-data
117-->[com.google.firebase:firebase-iid:21.1.0] AndroidManifest.xml:32:13-34:85
118                android:name="com.google.firebase.components:com.google.firebase.iid.Registrar"
118-->[com.google.firebase:firebase-iid:21.1.0] AndroidManifest.xml:33:17-96
119                android:value="com.google.firebase.components.ComponentRegistrar" />
119-->[com.google.firebase:firebase-iid:21.1.0] AndroidManifest.xml:34:17-82
120            <meta-data
120-->[com.google.firebase:firebase-datatransport:18.0.0] AndroidManifest.xml:28:13-30:85
121                android:name="com.google.firebase.components:com.google.firebase.datatransport.TransportRegistrar"
121-->[com.google.firebase:firebase-datatransport:18.0.0] AndroidManifest.xml:29:17-115
122                android:value="com.google.firebase.components.ComponentRegistrar" />
122-->[com.google.firebase:firebase-datatransport:18.0.0] AndroidManifest.xml:30:17-82
123            <meta-data
123-->[com.google.android.gms:play-services-measurement-api:19.0.1] AndroidManifest.xml:30:13-32:85
124                android:name="com.google.firebase.components:com.google.firebase.analytics.connector.internal.AnalyticsConnectorRegistrar"
124-->[com.google.android.gms:play-services-measurement-api:19.0.1] AndroidManifest.xml:31:17-139
125                android:value="com.google.firebase.components.ComponentRegistrar" />
125-->[com.google.android.gms:play-services-measurement-api:19.0.1] AndroidManifest.xml:32:17-82
126            <meta-data
126-->[com.google.firebase:firebase-installations:17.0.0] AndroidManifest.xml:18:13-20:85
127                android:name="com.google.firebase.components:com.google.firebase.installations.FirebaseInstallationsRegistrar"
127-->[com.google.firebase:firebase-installations:17.0.0] AndroidManifest.xml:19:17-127
128                android:value="com.google.firebase.components.ComponentRegistrar" />
128-->[com.google.firebase:firebase-installations:17.0.0] AndroidManifest.xml:20:17-82
129        </service>
130
131        <provider
131-->[:react-native-share] AndroidManifest.xml:10:9-18:20
132            android:name="cl.json.RNShareFileProvider"
132-->[:react-native-share] AndroidManifest.xml:11:13-55
133            android:authorities="com.edocket.driver.rnshare.fileprovider"
133-->[:react-native-share] AndroidManifest.xml:12:13-72
134            android:exported="false"
134-->[:react-native-share] AndroidManifest.xml:13:13-37
135            android:grantUriPermissions="true" >
135-->[:react-native-share] AndroidManifest.xml:14:13-47
136            <meta-data
136-->[:react-native-share] AndroidManifest.xml:15:13-17:64
137                android:name="android.support.FILE_PROVIDER_PATHS"
137-->[:react-native-share] AndroidManifest.xml:16:17-67
138                android:resource="@xml/share_download_paths" />
138-->[:react-native-share] AndroidManifest.xml:17:17-61
139        </provider>
140        <provider
140-->[:react-native-webview] AndroidManifest.xml:12:9-20:20
141            android:name="com.reactnativecommunity.webview.RNCWebViewFileProvider"
141-->[:react-native-webview] AndroidManifest.xml:13:13-83
142            android:authorities="com.edocket.driver.fileprovider"
142-->[:react-native-webview] AndroidManifest.xml:14:13-64
143            android:exported="false"
143-->[:react-native-webview] AndroidManifest.xml:15:13-37
144            android:grantUriPermissions="true" >
144-->[:react-native-webview] AndroidManifest.xml:16:13-47
145            <meta-data
145-->[:react-native-share] AndroidManifest.xml:15:13-17:64
146                android:name="android.support.FILE_PROVIDER_PATHS"
146-->[:react-native-share] AndroidManifest.xml:16:17-67
147                android:resource="@xml/file_provider_paths" />
147-->[:react-native-share] AndroidManifest.xml:17:17-61
148        </provider>
149
150        <service
150-->[com.google.android.gms:play-services-mlkit-text-recognition:16.3.0] AndroidManifest.xml:9:9-15:19
151            android:name="com.google.mlkit.common.internal.MlKitComponentDiscoveryService"
151-->[com.google.android.gms:play-services-mlkit-text-recognition:16.3.0] AndroidManifest.xml:10:13-91
152            android:directBootAware="true"
152-->[com.google.mlkit:common:17.2.0] AndroidManifest.xml:17:13-43
153            android:exported="false" >
153-->[com.google.android.gms:play-services-mlkit-text-recognition:16.3.0] AndroidManifest.xml:11:13-37
154            <meta-data
154-->[com.google.android.gms:play-services-mlkit-text-recognition:16.3.0] AndroidManifest.xml:12:13-14:85
155                android:name="com.google.firebase.components:com.google.mlkit.vision.text.internal.TextRegistrar"
155-->[com.google.android.gms:play-services-mlkit-text-recognition:16.3.0] AndroidManifest.xml:13:17-114
156                android:value="com.google.firebase.components.ComponentRegistrar" />
156-->[com.google.android.gms:play-services-mlkit-text-recognition:16.3.0] AndroidManifest.xml:14:17-82
157            <meta-data
157-->[com.google.android.gms:play-services-mlkit-barcode-scanning:16.2.0] AndroidManifest.xml:12:13-14:85
158                android:name="com.google.firebase.components:com.google.mlkit.vision.barcode.internal.BarcodeRegistrar"
158-->[com.google.android.gms:play-services-mlkit-barcode-scanning:16.2.0] AndroidManifest.xml:13:17-120
159                android:value="com.google.firebase.components.ComponentRegistrar" />
159-->[com.google.android.gms:play-services-mlkit-barcode-scanning:16.2.0] AndroidManifest.xml:14:17-82
160            <meta-data
160-->[com.google.android.gms:play-services-mlkit-face-detection:16.2.0] AndroidManifest.xml:12:13-14:85
161                android:name="com.google.firebase.components:com.google.mlkit.vision.face.internal.FaceRegistrar"
161-->[com.google.android.gms:play-services-mlkit-face-detection:16.2.0] AndroidManifest.xml:13:17-114
162                android:value="com.google.firebase.components.ComponentRegistrar" />
162-->[com.google.android.gms:play-services-mlkit-face-detection:16.2.0] AndroidManifest.xml:14:17-82
163            <meta-data
163-->[com.google.mlkit:vision-common:16.5.0] AndroidManifest.xml:12:13-14:85
164                android:name="com.google.firebase.components:com.google.mlkit.vision.common.internal.VisionCommonRegistrar"
164-->[com.google.mlkit:vision-common:16.5.0] AndroidManifest.xml:13:17-124
165                android:value="com.google.firebase.components.ComponentRegistrar" />
165-->[com.google.mlkit:vision-common:16.5.0] AndroidManifest.xml:14:17-82
166            <meta-data
166-->[com.google.mlkit:common:17.2.0] AndroidManifest.xml:20:13-22:85
167                android:name="com.google.firebase.components:com.google.mlkit.common.internal.CommonComponentRegistrar"
167-->[com.google.mlkit:common:17.2.0] AndroidManifest.xml:21:17-120
168                android:value="com.google.firebase.components.ComponentRegistrar" />
168-->[com.google.mlkit:common:17.2.0] AndroidManifest.xml:22:17-82
169        </service>
170
171        <provider
171-->[com.google.mlkit:common:17.2.0] AndroidManifest.xml:9:9-13:38
172            android:name="com.google.mlkit.common.internal.MlKitInitProvider"
172-->[com.google.mlkit:common:17.2.0] AndroidManifest.xml:10:13-78
173            android:authorities="com.edocket.driver.mlkitinitprovider"
173-->[com.google.mlkit:common:17.2.0] AndroidManifest.xml:11:13-69
174            android:exported="false"
174-->[com.google.mlkit:common:17.2.0] AndroidManifest.xml:12:13-37
175            android:initOrder="99" />
175-->[com.google.mlkit:common:17.2.0] AndroidManifest.xml:13:13-35
176
177        <activity
177-->[com.google.android.gms:play-services-base:17.6.0] AndroidManifest.xml:23:9-26:75
178            android:name="com.google.android.gms.common.api.GoogleApiActivity"
178-->[com.google.android.gms:play-services-base:17.6.0] AndroidManifest.xml:24:13-79
179            android:exported="false"
179-->[com.google.android.gms:play-services-base:17.6.0] AndroidManifest.xml:25:13-37
180            android:theme="@android:style/Theme.Translucent.NoTitleBar" />
180-->[com.google.android.gms:play-services-base:17.6.0] AndroidManifest.xml:26:13-72
181
182        <receiver
182-->[com.google.firebase:firebase-messaging:22.0.0] AndroidManifest.xml:28:9-35:20
183            android:name="com.google.firebase.iid.FirebaseInstanceIdReceiver"
183-->[com.google.firebase:firebase-messaging:22.0.0] AndroidManifest.xml:29:13-78
184            android:exported="true"
184-->[com.google.firebase:firebase-messaging:22.0.0] AndroidManifest.xml:30:13-36
185            android:permission="com.google.android.c2dm.permission.SEND" >
185-->[com.google.firebase:firebase-messaging:22.0.0] AndroidManifest.xml:31:13-73
186            <intent-filter>
186-->[com.google.firebase:firebase-messaging:22.0.0] AndroidManifest.xml:32:13-34:29
187                <action android:name="com.google.android.c2dm.intent.RECEIVE" />
187-->[com.google.firebase:firebase-messaging:22.0.0] AndroidManifest.xml:33:17-81
187-->[com.google.firebase:firebase-messaging:22.0.0] AndroidManifest.xml:33:25-78
188            </intent-filter>
189        </receiver>
190        <!--
191             FirebaseMessagingService performs security checks at runtime,
192             but set to not exported to explicitly avoid allowing another app to call it.
193        -->
194        <service
194-->[com.google.firebase:firebase-messaging:22.0.0] AndroidManifest.xml:41:9-48:19
195            android:name="com.google.firebase.messaging.FirebaseMessagingService"
195-->[com.google.firebase:firebase-messaging:22.0.0] AndroidManifest.xml:42:13-82
196            android:directBootAware="true"
196-->[com.google.firebase:firebase-messaging:22.0.0] AndroidManifest.xml:43:13-43
197            android:exported="false" >
197-->[com.google.firebase:firebase-messaging:22.0.0] AndroidManifest.xml:44:13-37
198            <intent-filter android:priority="-500" >
198-->src/main/AndroidManifest.xml:40:13-42:29
199                <action android:name="com.google.firebase.MESSAGING_EVENT" />
199-->src/main/AndroidManifest.xml:41:17-78
199-->src/main/AndroidManifest.xml:41:25-75
200            </intent-filter>
201        </service>
202        <service
202-->[com.google.android.datatransport:transport-backend-cct:3.0.0] AndroidManifest.xml:29:9-35:19
203            android:name="com.google.android.datatransport.runtime.backends.TransportBackendDiscovery"
203-->[com.google.android.datatransport:transport-backend-cct:3.0.0] AndroidManifest.xml:30:13-103
204            android:exported="false" >
204-->[com.google.android.datatransport:transport-backend-cct:3.0.0] AndroidManifest.xml:31:13-37
205            <meta-data
205-->[com.google.android.datatransport:transport-backend-cct:3.0.0] AndroidManifest.xml:32:13-34:39
206                android:name="backend:com.google.android.datatransport.cct.CctBackendFactory"
206-->[com.google.android.datatransport:transport-backend-cct:3.0.0] AndroidManifest.xml:33:17-94
207                android:value="cct" />
207-->[com.google.android.datatransport:transport-backend-cct:3.0.0] AndroidManifest.xml:34:17-36
208        </service>
209
210        <provider
210-->[com.google.firebase:firebase-common:20.0.0] AndroidManifest.xml:26:9-31:39
211            android:name="com.google.firebase.provider.FirebaseInitProvider"
211-->[com.google.firebase:firebase-common:20.0.0] AndroidManifest.xml:27:13-77
212            android:authorities="com.edocket.driver.firebaseinitprovider"
212-->[com.google.firebase:firebase-common:20.0.0] AndroidManifest.xml:28:13-72
213            android:directBootAware="true"
213-->[com.google.firebase:firebase-common:20.0.0] AndroidManifest.xml:29:13-43
214            android:exported="false"
214-->[com.google.firebase:firebase-common:20.0.0] AndroidManifest.xml:30:13-37
215            android:initOrder="100" />
215-->[com.google.firebase:firebase-common:20.0.0] AndroidManifest.xml:31:13-36
216
217        <service
217-->[com.google.android.datatransport:transport-runtime:3.0.0] AndroidManifest.xml:26:9-30:19
218            android:name="com.google.android.datatransport.runtime.scheduling.jobscheduling.JobInfoSchedulerService"
218-->[com.google.android.datatransport:transport-runtime:3.0.0] AndroidManifest.xml:27:13-117
219            android:exported="false"
219-->[com.google.android.datatransport:transport-runtime:3.0.0] AndroidManifest.xml:28:13-37
220            android:permission="android.permission.BIND_JOB_SERVICE" >
220-->[com.google.android.datatransport:transport-runtime:3.0.0] AndroidManifest.xml:29:13-69
221        </service>
222
223        <receiver
223-->[com.google.android.datatransport:transport-runtime:3.0.0] AndroidManifest.xml:32:9-34:40
224            android:name="com.google.android.datatransport.runtime.scheduling.jobscheduling.AlarmManagerSchedulerBroadcastReceiver"
224-->[com.google.android.datatransport:transport-runtime:3.0.0] AndroidManifest.xml:33:13-132
225            android:exported="false" />
225-->[com.google.android.datatransport:transport-runtime:3.0.0] AndroidManifest.xml:34:13-37
226
227        <meta-data
227-->[com.github.bumptech.glide:okhttp3-integration:4.12.0] AndroidManifest.xml:11:9-13:43
228            android:name="com.bumptech.glide.integration.okhttp3.OkHttpGlideModule"
228-->[com.github.bumptech.glide:okhttp3-integration:4.12.0] AndroidManifest.xml:12:13-84
229            android:value="GlideModule" />
229-->[com.github.bumptech.glide:okhttp3-integration:4.12.0] AndroidManifest.xml:13:13-40
230
231        <receiver
231-->[com.google.android.gms:play-services-measurement:19.0.1] AndroidManifest.xml:29:9-33:20
232            android:name="com.google.android.gms.measurement.AppMeasurementReceiver"
232-->[com.google.android.gms:play-services-measurement:19.0.1] AndroidManifest.xml:30:13-85
233            android:enabled="true"
233-->[com.google.android.gms:play-services-measurement:19.0.1] AndroidManifest.xml:31:13-35
234            android:exported="false" >
234-->[com.google.android.gms:play-services-measurement:19.0.1] AndroidManifest.xml:32:13-37
235        </receiver>
236
237        <service
237-->[com.google.android.gms:play-services-measurement:19.0.1] AndroidManifest.xml:35:9-38:40
238            android:name="com.google.android.gms.measurement.AppMeasurementService"
238-->[com.google.android.gms:play-services-measurement:19.0.1] AndroidManifest.xml:36:13-84
239            android:enabled="true"
239-->[com.google.android.gms:play-services-measurement:19.0.1] AndroidManifest.xml:37:13-35
240            android:exported="false" />
240-->[com.google.android.gms:play-services-measurement:19.0.1] AndroidManifest.xml:38:13-37
241        <service
241-->[com.google.android.gms:play-services-measurement:19.0.1] AndroidManifest.xml:39:9-43:72
242            android:name="com.google.android.gms.measurement.AppMeasurementJobService"
242-->[com.google.android.gms:play-services-measurement:19.0.1] AndroidManifest.xml:40:13-87
243            android:enabled="true"
243-->[com.google.android.gms:play-services-measurement:19.0.1] AndroidManifest.xml:41:13-35
244            android:exported="false"
244-->[com.google.android.gms:play-services-measurement:19.0.1] AndroidManifest.xml:42:13-37
245            android:permission="android.permission.BIND_JOB_SERVICE" />
245-->[com.google.android.gms:play-services-measurement:19.0.1] AndroidManifest.xml:43:13-69
246
247        <meta-data
247-->[com.google.android.gms:play-services-basement:17.6.0] AndroidManifest.xml:23:9-25:69
248            android:name="com.google.android.gms.version"
248-->[com.google.android.gms:play-services-basement:17.6.0] AndroidManifest.xml:24:13-58
249            android:value="@integer/google_play_services_version" />
249-->[com.google.android.gms:play-services-basement:17.6.0] AndroidManifest.xml:25:13-66
250    </application>
251
252</manifest>